Arguments: 
  /Users/nakim/.nvm/versions/node/v12.18.3/bin/node /Users/nakim/.yarn/bin/yarn.js init

PATH: 
  /Users/nakim/.rbenv/shims:/Users/nakim/.rbenv/bin:/Users/nakim/.yarn/bin:/Users/nakim/.config/yarn/global/node_modules/.bin:/Users/nakim/.fastlane/bin:/Users/nakim/.deno/bin:/Users/nakim/.nvm/versions/node/v12.18.3/bin:/usr/local/bin:/usr/bin:/bin:/usr/sbin:/sbin:/Library/Apple/usr/bin:/Users/nakim/.rbenv/shims:/Users/nakim/.rbenv/bin:/Users/nakim/.yarn/bin:/Users/nakim/.config/yarn/global/node_modules/.bin:/Users/nakim/.fastlane/bin:/Users/nakim/.deno/bin:/Users/nakim/.nvm/versions/node/v12.18.3/bin:/Users/nakim/.yarn-global/bin:/Users/nakim/Library/Android/sdk/emulator:/Users/nakim/Library/Android/sdk/tools:/Users/nakim/Library/Android/sdk/tools/bin:/Users/nakim/Library/Android/sdk/platform-tools:/Users/nakim/tizen-studio/tools/ide/bin/:/Users/nakim/tizen-studio/tools:/opt/webOS_TV_SDK/CLI/bin:/Users/nakim/.rvm/bin:/Users/nakim/.yarn-global/bin:/Users/nakim/Library/Android/sdk/emulator:/Users/nakim/Library/Android/sdk/tools:/Users/nakim/Library/Android/sdk/tools/bin:/Users/nakim/Library/Android/sdk/platform-tools:/Users/nakim/tizen-studio/tools/ide/bin/:/Users/nakim/tizen-studio/tools:/opt/webOS_TV_SDK/CLI/bin:/Users/nakim/.rvm/bin

Yarn version: 
  1.22.4

Node version: 
  12.18.3

Platform: 
  darwin x64

Trace: 
  Error: canceled
      at Interface.<anonymous> (/Users/nakim/.yarn/lib/cli.js:137008:13)
      at Interface.emit (events.js:315:20)
      at Interface._ttyWrite (readline.js:868:16)
      at ReadStream.onkeypress (readline.js:205:10)
      at ReadStream.emit (events.js:315:20)
      at emitKeys (internal/readline/utils.js:335:14)
      at emitKeys.next (<anonymous>)
      at ReadStream.onData (readline.js:1137:36)
      at ReadStream.emit (events.js:315:20)
      at addChunk (_stream_readable.js:295:12)

npm manifest: 
  {
    "name": "icons-sync",
    "version": "1.0.0",
    "main": "index.js",
    "license": "MIT",
    "dependencies": {
      "@supercharge/promise-pool": "^1.6.0",
      "axios": "^0.21.1",
      "dotenv": "^8.2.0",
      "fs-extra": "^9.1.0",
      "json-bump": "^1.0.2",
      "pascal-case": "^3.1.2"
    }
  }

yarn manifest: 
  No manifest

Lockfile: 
  # THIS IS AN AUTOGENERATED FILE. DO NOT EDIT THIS FILE DIRECTLY.
  # yarn lockfile v1
  
  
  "@supercharge/goodies@~1.5.1":
    version "1.5.1"
    resolved "https://registry.yarnpkg.com/@supercharge/goodies/-/goodies-1.5.1.tgz#7ec3327419fd700074770b9363eafd6053e6a3e6"
    integrity sha512-LrbIgboxJ9labELaN6JUcZEWAdKveohRI3u11ILb/rqrKbeXkN8/ezoLvWJ0oo9s/HeBf0REFTD3XpVEio053g==
  
  "@supercharge/promise-pool@^1.6.0":
    version "1.6.0"
    resolved "https://registry.yarnpkg.com/@supercharge/promise-pool/-/promise-pool-1.6.0.tgz#033aa064a4fdbe316f57d0ae1072d4ba05b02973"
    integrity sha512-/zQnPJ2CMfGdVI1OlWn7fUfYSyLjTUHWxQ3svvrCwNznrpxZsa+nMC1QDkJ5LCiVzYrfQx7sK5pYcSSaQpmE+w==
    dependencies:
      "@supercharge/goodies" "~1.5.1"
  
  at-least-node@^1.0.0:
    version "1.0.0"
    resolved "https://registry.yarnpkg.com/at-least-node/-/at-least-node-1.0.0.tgz#602cd4b46e844ad4effc92a8011a3c46e0238dc2"
    integrity sha512-+q/t7Ekv1EDY2l6Gda6LLiX14rU9TV20Wa3ofeQmwPFZbOMo9DXrLbOjFaaclkXKWidIaopwAObQDqwWtGUjqg==
  
  axios@^0.21.1:
    version "0.21.1"
    resolved "https://registry.yarnpkg.com/axios/-/axios-0.21.1.tgz#22563481962f4d6bde9a76d516ef0e5d3c09b2b8"
    integrity sha512-dKQiRHxGD9PPRIUNIWvZhPTPpl1rf/OxTYKsqKUDjBwYylTvV7SjSHJb9ratfyzM6wCdLCOYLzs73qpg5c4iGA==
    dependencies:
      follow-redirects "^1.10.0"
  
  dotenv@^8.2.0:
    version "8.2.0"
    resolved "https://registry.yarnpkg.com/dotenv/-/dotenv-8.2.0.tgz#97e619259ada750eea3e4ea3e26bceea5424b16a"
    integrity sha512-8sJ78ElpbDJBHNeBzUbUVLsqKdccaa/BXF1uPTw3GrvQTBgrQrtObr2mUrE38vzYd8cEv+m/JBfDLioYcfXoaw==
  
  follow-redirects@^1.10.0:
    version "1.13.3"
    resolved "https://registry.yarnpkg.com/follow-redirects/-/follow-redirects-1.13.3.tgz#e5598ad50174c1bc4e872301e82ac2cd97f90267"
    integrity sha512-DUgl6+HDzB0iEptNQEXLx/KhTmDb8tZUHSeLqpnjpknR70H0nC2t9N73BK6fN4hOvJ84pKlIQVQ4k5FFlBedKA==
  
  fs-extra@^9.0.1, fs-extra@^9.1.0:
    version "9.1.0"
    resolved "https://registry.yarnpkg.com/fs-extra/-/fs-extra-9.1.0.tgz#5954460c764a8da2094ba3554bf839e6b9a7c86d"
    integrity sha512-hcg3ZmepS30/7BSFqRvoo3DOMQu7IjqxO5nCDt+zM9XWjb33Wg7ziNT+Qvqbuc3+gWpzO02JubVyk2G4Zvo1OQ==
    dependencies:
      at-least-node "^1.0.0"
      graceful-fs "^4.2.0"
      jsonfile "^6.0.1"
      universalify "^2.0.0"
  
  graceful-fs@^4.1.6, graceful-fs@^4.2.0:
    version "4.2.6"
    resolved "https://registry.yarnpkg.com/graceful-fs/-/graceful-fs-4.2.6.tgz#ff040b2b0853b23c3d31027523706f1885d76bee"
    integrity sha512-nTnJ528pbqxYanhpDYsi4Rd8MAeaBA67+RZ10CM1m3bTAVFEDcd5AuA4a6W5YkGZ1iNXHzZz8T6TBKLeBuNriQ==
  
  json-bump@^1.0.2:
    version "1.0.2"
    resolved "https://registry.yarnpkg.com/json-bump/-/json-bump-1.0.2.tgz#73be03bf43314ea7fab943fd36986b1989167ec7"
    integrity sha512-9N4u62TdVMF81/JPRki7tE/2GvUyQsaKpjWRoa9xtxsq0SHS9TSX2TurVVvjEbN/qBvp+XtDVlMRAnnEngnZrQ==
    dependencies:
      fs-extra "^9.0.1"
  
  jsonfile@^6.0.1:
    version "6.1.0"
    resolved "https://registry.yarnpkg.com/jsonfile/-/jsonfile-6.1.0.tgz#bc55b2634793c679ec6403094eb13698a6ec0aae"
    integrity sha512-5dgndWOriYSm5cnYaJNhalLNDKOqFwyDB/rr1E9ZsGciGvKPs8R2xYGCacuf3z6K1YKDz182fd+fY3cn3pMqXQ==
    dependencies:
      universalify "^2.0.0"
    optionalDependencies:
      graceful-fs "^4.1.6"
  
  lower-case@^2.0.2:
    version "2.0.2"
    resolved "https://registry.yarnpkg.com/lower-case/-/lower-case-2.0.2.tgz#6fa237c63dbdc4a82ca0fd882e4722dc5e634e28"
    integrity sha512-7fm3l3NAF9WfN6W3JOmf5drwpVqX78JtoGJ3A6W0a6ZnldM41w2fV5D490psKFTpMds8TJse/eHLFFsNHHjHgg==
    dependencies:
      tslib "^2.0.3"
  
  no-case@^3.0.4:
    version "3.0.4"
    resolved "https://registry.yarnpkg.com/no-case/-/no-case-3.0.4.tgz#d361fd5c9800f558551a8369fc0dcd4662b6124d"
    integrity sha512-fgAN3jGAh+RoxUGZHTSOLJIqUc2wmoBwGR4tbpNAKmmovFoWq0OdRkb0VkldReO2a2iBT/OEulG9XSUc10r3zg==
    dependencies:
      lower-case "^2.0.2"
      tslib "^2.0.3"
  
  pascal-case@^3.1.2:
    version "3.1.2"
    resolved "https://registry.yarnpkg.com/pascal-case/-/pascal-case-3.1.2.tgz#b48e0ef2b98e205e7c1dae747d0b1508237660eb"
    integrity sha512-uWlGT3YSnK9x3BQJaOdcZwrnV6hPpd8jFH1/ucpiLRPh/2zCVJKS19E4GvYHvaCcACn3foXZ0cLB9Wrx1KGe5g==
    dependencies:
      no-case "^3.0.4"
      tslib "^2.0.3"
  
  tslib@^2.0.3:
    version "2.1.0"
    resolved "https://registry.yarnpkg.com/tslib/-/tslib-2.1.0.tgz#da60860f1c2ecaa5703ab7d39bc05b6bf988b97a"
    integrity sha512-hcVC3wYEziELGGmEEXue7D75zbwIIVUMWAVbHItGPx0ziyXxrOMQx4rQEVEV45Ut/1IotuEvwqPopzIOkDMf0A==
  
  universalify@^2.0.0:
    version "2.0.0"
    resolved "https://registry.yarnpkg.com/universalify/-/universalify-2.0.0.tgz#75a4984efedc4b08975c5aeb73f530d02df25717"
    integrity sha512-hAZsKq7Yy11Zu1DE0OzWjw7nnLZmJZYTDZZyEFHZdUhV8FkH5MCfoU1XMaxXovpyW5nq5scPqq0ZDP9Zyl04oQ==
